A D/demos////
A D/doc////
A D/examples////
A D/generic////
A D/glmwfw////
A D/glmwfwmacos////
A D/glmwfwmacosx////
A D/glmwfwwin32////
A D/glmwfwx11////
A D/library////
A D/mac////
A D/ntk////
A D/ntkGLWidget////
A D/ntkWidget////
A D/ntkWidgetImage////
A D/tclGL////
A D/tclGLFW////
A D/tclGLMWFW////
A D/tests////
A D/unix////
A D/win////
R D/unix////
R D/tclGLMWFW////
R D/tclGLFW////
R D/tclGL////
R D/ntkWidgetImage////
R D/ntkWidget////
R D/ntkGLWidget////
R D/ntk////
R D/mac////
R D/glmwfwx11////
R D/glmwfwwin32////
R D/glmwfwmacosx////
R D/glmwfwmacos////
R D/glmwfw////
